#
# A fatal error has been detected by the Java Runtime Environment:
#
#  EXCEPTION_ACCESS_VIOLATION (0xc0000005) at pc=0x0000000053c24b9b, pid=4764, tid=8664
#
# JRE version: Java(TM) SE Runtime Environment (7.0_80-b15) (build 1.7.0_80-b15)
# Java VM: Java HotSpot(TM) 64-Bit Server VM (24.80-b11 mixed mode windows-amd64 compressed oops)
# Problematic frame:
# V  [jvm.dll+0x144b9b]
#
# Failed to write core dump. Minidumps are not enabled by default on client versions of Windows
#
# If you would like to submit a bug report, please visit:
#   http://bugreport.java.com/bugreport/crash.jsp
#

---------------  T H R E A D  ---------------

Current thread (0x000000000cd6c800):  JavaThread "JDWP Transport Listener: dt_socket" daemon [_thread_in_vm, id=8664, stack(0x000000000d330000,0x000000000d430000)]

siginfo: ExceptionCode=0xc0000005, reading address 0xffffffffffffffff

Registers:
RAX=0x000000000d42f301, RBX=0x000000000cd6c800, RCX=0x003b72657a003b79, RDX=0x0000000000000000
RSP=0x000000000d42f2c0, RBP=0x003b72657a003b79, RSI=0x000000000d42f3d8, RDI=0x00000000024c8ed0
R8 =0x000000000cd6c800, R9 =0x0000000000000000, R10=0x0000000000000000, R11=0x0000000000000064
R12=0x0000000000000000, R13=0x00000000025c7778, R14=0x0000000000000000, R15=0x0000000000000000
RIP=0x0000000053c24b9b, EFLAGS=0x0000000000010202

Top of Stack: (sp=0x000000000d42f2c0)
0x000000000d42f2c0:   000000000cd6c800 0000000000000006
0x000000000d42f2d0:   000000000d42f388 0000000053dc77d9
0x000000000d42f2e0:   000000000cd6c800 0000000053de5382
0x000000000d42f2f0:   0000000000000000 0000000053908e8d
0x000000000d42f300:   000000000ad649f8 0000000053912666
0x000000000d42f310:   000000000cd6c800 0000000000000000
0x000000000d42f320:   0000000000000000 0000000000000000
0x000000000d42f330:   003b72657a003b79 000000005391175d
0x000000000d42f340:   000000000d42f3d8 000000000d42f3b0
0x000000000d42f350:   0000000000000001 000000000ad649f8
0x000000000d42f360:   003b72657a003b79 00000000538f53b3
0x000000000d42f370:   000000000d42f4a0 0000000000000001
0x000000000d42f380:   0000000000000001 000000000ad649f8
0x000000000d42f390:   000000000000000a 0000000000000000
0x000000000d42f3a0:   0000000000000000 0000000000000000
0x000000000d42f3b0:   0000000000000001 00000000538f5571 

Instructions: (pc=0x0000000053c24b9b)
0x0000000053c24b7b:   48 8b 5c 24 30 48 89 47 18 48 83 c4 20 5f c3 cc
0x0000000053c24b8b:   cc cc cc cc cc 40 53 48 83 ec 20 48 85 c9 74 54
0x0000000053c24b9b:   48 8b 19 48 85 db 74 4c 48 b8 fe fe fe fe fe fe
0x0000000053c24bab:   fe fe 48 3b d8 74 3d 80 3d 57 56 61 00 00 74 15 


Register to memory mapping:

RAX=0x000000000d42f301 is pointing into the stack for thread: 0x000000000cd6c800
RBX=0x000000000cd6c800 is a thread
RCX=0x003b72657a003b79 is an unknown value
RDX=0x0000000000000000 is an unknown value
RSP=0x000000000d42f2c0 is pointing into the stack for thread: 0x000000000cd6c800
RBP=0x003b72657a003b79 is an unknown value
RSI=0x000000000d42f3d8 is pointing into the stack for thread: 0x000000000cd6c800
RDI=0x00000000024c8ed0 is an unknown value
R8 =0x000000000cd6c800 is a thread
R9 =0x0000000000000000 is an unknown value
R10=0x0000000000000000 is an unknown value
R11=0x0000000000000064 is an unknown value
R12=0x0000000000000000 is an unknown value
R13=0x00000000025c7778 is an unknown value
R14=0x0000000000000000 is an unknown value
R15=0x0000000000000000 is an unknown value


Stack: [0x000000000d330000,0x000000000d430000],  sp=0x000000000d42f2c0,  free space=1020k
Native frames: (J=compiled Java code, j=interpreted, Vv=VM code, C=native code)
V  [jvm.dll+0x144b9b]


---------------  P R O C E S S  ---------------

Java Threads: ( => current thread )
  0x000000000cd87000 JavaThread "Service Thread" daemon [_thread_blocked, id=6268, stack(0x000000000d830000,0x000000000d930000)]
  0x000000000cd85800 JavaThread "C2 CompilerThread1" daemon [_thread_blocked, id=172, stack(0x000000000d730000,0x000000000d830000)]
  0x000000000cd82000 JavaThread "C2 CompilerThread0" daemon [_thread_blocked, id=6988, stack(0x000000000d630000,0x000000000d730000)]
  0x000000000cd73000 JavaThread "JDWP Command Reader" daemon [_thread_in_native, id=8168, stack(0x000000000d530000,0x000000000d630000)]
  0x000000000cd70800 JavaThread "JDWP Event Helper Thread" daemon [_thread_blocked, id=7224, stack(0x000000000d430000,0x000000000d530000)]
=>0x000000000cd6c800 JavaThread "JDWP Transport Listener: dt_socket" daemon [_thread_in_vm, id=8664, stack(0x000000000d330000,0x000000000d430000)]
  0x00000000025c9000 JavaThread "Attach Listener" daemon [_thread_blocked, id=6824, stack(0x000000000d230000,0x000000000d330000)]
  0x000000000cd61000 JavaThread "Signal Dispatcher" daemon [_thread_blocked, id=7612, stack(0x000000000d130000,0x000000000d230000)]
  0x000000000ad60800 JavaThread "Finalizer" daemon [_thread_blocked, id=2296, stack(0x000000000cc30000,0x000000000cd30000)]
  0x000000000ad5a000 JavaThread "Reference Handler" daemon [_thread_blocked, id=7680, stack(0x000000000cb30000,0x000000000cc30000)]
  0x00000000024cd800 JavaThread "main" [_thread_blocked, id=4684, stack(0x0000000002320000,0x0000000002420000)]

Other Threads:
  0x000000000ad56000 VMThread [stack: 0x000000000ca30000,0x000000000cb30000] [id=980]
  0x000000000cda5800 WatcherThread [stack: 0x000000000d930000,0x000000000da30000] [id=1720]

VM state:not at safepoint (normal execution)

VM Mutex/Monitor currently owned by a thread: None

Heap
 PSYoungGen      total 38400K, used 1997K [0x00000007d5c00000, 0x00000007d8680000, 0x0000000800000000)
  eden space 33280K, 6% used [0x00000007d5c00000,0x00000007d5df3430,0x00000007d7c80000)
  from space 5120K, 0% used [0x00000007d8180000,0x00000007d8180000,0x00000007d8680000)
  to   space 5120K, 0% used [0x00000007d7c80000,0x00000007d7c80000,0x00000007d8180000)
 ParOldGen       total 86528K, used 0K [0x0000000781400000, 0x0000000786880000, 0x00000007d5c00000)
  object space 86528K, 0% used [0x0000000781400000,0x0000000781400000,0x0000000786880000)
 PSPermGen       total 21504K, used 2653K [0x000000077c200000, 0x000000077d700000, 0x0000000781400000)
  object space 21504K, 12% used [0x000000077c200000,0x000000077c497720,0x000000077d700000)

Card table byte_map: [0x0000000005690000,0x0000000005ab0000] byte_map_base: 0x0000000001aaf000

Polling page: 0x0000000000830000

Code Cache  [0x00000000025d0000, 0x0000000002840000, 0x00000000055d0000)
 total_blobs=162 nmethods=0 adapters=138 free_code_cache=48774Kb largest_free_block=49944512

Compilation events (0 events):
No events

GC Heap History (0 events):
No events

Deoptimization events (0 events):
No events

Internal exceptions (3 events):
Event: 0.017 Thread 0x00000000024cd800 Threw 0x00000007d5c0f678 at C:\re\jdk7u80\2329\hotspot\src\share\vm\prims\jni.cpp:3991
Event: 0.103 Thread 0x00000000024cd800 Threw 0x00000007d5c99d08 at C:\re\jdk7u80\2329\hotspot\src\share\vm\prims\jvm.cpp:1319
Event: 0.107 Thread 0x00000000024cd800 Threw 0x00000007d5c9ff58 at C:\re\jdk7u80\2329\hotspot\src\share\vm\interpreter\interpreterRuntime.cpp:347

Events (10 events):
Event: 2325.381 Executing VM operation: GetCurrentLocation
Event: 2325.381 Executing VM operation: GetCurrentLocation done
Event: 2325.381 Executing VM operation: EnterInterpOnlyMode
Event: 2325.381 Executing VM operation: EnterInterpOnlyMode done
Event: 2325.381 Executing VM operation: ChangeSingleStep
Event: 2325.381 Executing VM operation: ChangeSingleStep done
Event: 2325.381 Executing VM operation: ChangeSingleStep
Event: 2325.382 Executing VM operation: ChangeSingleStep done
Event: 2325.383 Executing VM operation: RedefineClasses
Event: 2325.383 Executing VM operation: RedefineClasses done


Dynamic libraries:
0x00007ff75c4c0000 - 0x00007ff75c4f3000 	D:\B_Util\2.Java\JDK1.7\bin\javaw.exe
0x00007ffc33760000 - 0x00007ffc33922000 	C:\Windows\SYSTEM32\ntdll.dll
0x00007ffc31720000 - 0x00007ffc317cd000 	C:\Windows\system32\KERNEL32.DLL
0x00007ffc30c50000 - 0x00007ffc30e2d000 	C:\Windows\system32\KERNELBASE.dll
0x00007ffc2e8e0000 - 0x00007ffc2e958000 	C:\Windows\system32\apphelp.dll
0x00007ffc30e90000 - 0x00007ffc30f36000 	C:\Windows\system32\ADVAPI32.dll
0x00007ffc31680000 - 0x00007ffc3171d000 	C:\Windows\system32\msvcrt.dll
0x00007ffc30e30000 - 0x00007ffc30e8b000 	C:\Windows\system32\sechost.dll
0x00007ffc31360000 - 0x00007ffc31486000 	C:\Windows\system32\RPCRT4.dll
0x00007ffc314a0000 - 0x00007ffc315ee000 	C:\Windows\system32\USER32.dll
0x00007ffc31c90000 - 0x00007ffc31e15000 	C:\Windows\system32\GDI32.dll
0x00007ffc236d0000 - 0x00007ffc23944000 	C:\Windows\WinSxS\amd64_microsoft.windows.common-controls_6595b64144ccf1df_6.0.10240.16384_none_f41f7b285750ef43\COMCTL32.dll
0x00007ffc320c0000 - 0x00007ffc320f6000 	C:\Windows\system32\IMM32.DLL
0x00007ffc31000000 - 0x00007ffc3115c000 	C:\Windows\system32\MSCTF.dll
0x0000000053a00000 - 0x0000000053ad2000 	D:\B_Util\2.Java\JDK1.7\jre\bin\msvcr100.dll
0x0000000053ae0000 - 0x00000000542b9000 	D:\B_Util\2.Java\JDK1.7\jre\bin\server\jvm.dll
0x00007ffc31f00000 - 0x00007ffc31f08000 	C:\Windows\system32\PSAPI.DLL
0x00007ffc22010000 - 0x00007ffc22033000 	C:\Windows\SYSTEM32\WINMM.dll
0x00007ffc274d0000 - 0x00007ffc274d9000 	C:\Windows\SYSTEM32\WSOCK32.dll
0x00007ffc317d0000 - 0x00007ffc31839000 	C:\Windows\system32\WS2_32.dll
0x00007ffc31610000 - 0x00007ffc31618000 	C:\Windows\system32\NSI.dll
0x00007ffc21f00000 - 0x00007ffc21f2c000 	C:\Windows\SYSTEM32\WINMMBASE.dll
0x00007ffc302f0000 - 0x00007ffc30334000 	C:\Windows\system32\cfgmgr32.dll
0x00007ffc2ea60000 - 0x00007ffc2ea87000 	C:\Windows\SYSTEM32\DEVOBJ.dll
0x00000000539f0000 - 0x00000000539ff000 	D:\B_Util\2.Java\JDK1.7\jre\bin\verify.dll
0x00000000539c0000 - 0x00000000539e8000 	D:\B_Util\2.Java\JDK1.7\jre\bin\java.dll
0x00000000538f0000 - 0x0000000053925000 	D:\B_Util\2.Java\JDK1.7\jre\bin\jdwp.dll
0x00000000538e0000 - 0x00000000538e8000 	D:\B_Util\2.Java\JDK1.7\jre\bin\npt.dll
0x00000000539a0000 - 0x00000000539b6000 	D:\B_Util\2.Java\JDK1.7\jre\bin\zip.dll
0x00000000538d0000 - 0x00000000538d9000 	D:\B_Util\2.Java\JDK1.7\jre\bin\dt_socket.dll
0x00007ffc26e70000 - 0x00007ffc26e85000 	C:\Windows\system32\napinsp.dll
0x00007ffc26e50000 - 0x00007ffc26e6a000 	C:\Windows\system32\pnrpnsp.dll
0x00007ffc2e160000 - 0x00007ffc2e178000 	C:\Windows\system32\NLAapi.dll
0x00007ffc2f990000 - 0x00007ffc2f9ed000 	C:\Windows\System32\mswsock.dll
0x00007ffc2f7a0000 - 0x00007ffc2f848000 	C:\Windows\SYSTEM32\DNSAPI.dll
0x00007ffc26e90000 - 0x00007ffc26e9d000 	C:\Windows\System32\winrnr.dll
0x00007ffc2a3b0000 - 0x00007ffc2a418000 	C:\Windows\System32\fwpuclnt.dll
0x00007ffc300c0000 - 0x00007ffc300e8000 	C:\Windows\SYSTEM32\bcrypt.dll
0x00007ffc29450000 - 0x00007ffc2945a000 	C:\Windows\System32\rasadhlp.dll
0x00007ffc15d20000 - 0x00007ffc15eaa000 	C:\Windows\SYSTEM32\dbghelp.dll

VM Arguments:
jvm_args: -agentlib:jdwp=transport=dt_socket,suspend=y,address=localhost:52904 -Dfile.encoding=UTF-8 
java_command: d_array.Sort
Launcher Type: SUN_STANDARD

Environment Variables:
JAVA_HOME=D:\B_Util\2.Java\JDK1.7
PATH=D:\B_Util\2.Java\JDK1.7\jre\bin;D:/B_Util/2.Java/JDK1.7/bin/../jre/bin/server;D:/B_Util/2.Java/JDK1.7/bin/../jre/bin;D:/B_Util/2.Java/JDK1.7/bin/../jre/lib/amd64;D:\B_Util\4.Oracle\appClient;D:\B_Util\4.Oracle\app\oracle\product\11.2.0\server\bin;;C:\Windows\system32;C:\Windows;C:\Windows\System32\Wbem;C:\Windows\System32\WindowsPowerShell\v1.0\;C:\Program Files\Git\cmd;D:\B_Util\2.Java\JDK1.7\bin;C:\Program Files\Bandizip\;D:\B_Util\3.Eclipse\eclipse;
USERNAME=PC-14
OS=Windows_NT
PROCESSOR_IDENTIFIER=Intel64 Family 6 Model 158 Stepping 9, GenuineIntel



---------------  S Y S T E M  ---------------

OS: Windows 8.1 , 64 bit Build 9600 

CPU:total 8 (4 cores per cpu, 2 threads per core) family 6 model 158 stepping 9, cmov, cx8, fxsr, mmx, sse, sse2, sse3, ssse3, sse4.1, sse4.2, popcnt, avx, avx2, aes, erms, ht, tsc, tscinvbit

Memory: 4k page, physical 8303752k(3779984k free), swap 10269832k(1159876k free)

vm_info: Java HotSpot(TM) 64-Bit Server VM (24.80-b11) for windows-amd64 JRE (1.7.0_80-b15), built on Apr 10 2015 11:26:34 by "java_re" with unknown MS VC++:1600

time: Mon Feb 03 15:41:50 2020
elapsed time: 2325 seconds

